<?xml version="1.0" encoding="UTF-8"?>
<!-- Generated by org.testng.reporters.JUnitReportReporter -->
<testsuite skipped="0" hostname="WIN-CDOB77M9UP9" name="Test.Google" tests="1" failures="0" timestamp="13 May 2018 03:15:29 GMT" time="10.808" errors="0">
  <testcase name="testGoogle" time="10.808" classname="Test.Google"/>
</testsuite> <!-- Test.Google -->
